<?xml version="1.0" encoding="UTF-8"?>
<testng-results ignored="0" total="1" passed="1" failed="0" skipped="0">
  <reporter-output>
  </reporter-output>
  <suite started-at="2022-02-17T13:38:55 IST" name="Default suite" finished-at="2022-02-17T13:38:56 IST" duration-ms="968">
    <groups>
    </groups>
    <test started-at="2022-02-17T13:38:55 IST" name="Default test" finished-at="2022-02-17T13:38:56 IST" duration-ms="968">
      <class name="com.excelreading.ReadExcel">
        <test-method signature="reading()[pri:0, instance:com.excelreading.ReadExcel@53fdffa1]" started-at="2022-02-17T13:38:55 IST" name="reading" finished-at="2022-02-17T13:38:56 IST" duration-ms="908" status="PASS">
          <reporter-output>
          </reporter-output>
        </test-method> <!-- reading -->
      </class> <!-- com.excelreading.ReadExcel -->
    </test> <!-- Default test -->
  </suite> <!-- Default suite -->
</testng-results>
